# JRE version: OpenJDK Runtime Environment (8.0_152-b06) (build 1.8.0_152-release-1136-b06)
# Java VM: OpenJDK 64-Bit Server VM (25.152-b06 mixed mode linux-amd64 compressed oops)
Heap:
 PSYoungGen      total 448512K, used 0K [0x00000000e0000000, 0x0000000100000000, 0x0000000100000000)
  eden space 372736K, 0% used [0x00000000e0000000,0x00000000e0000000,0x00000000f6c00000)
  from space 75776K, 0% used [0x00000000f6c00000,0x00000000f6c00000,0x00000000fb600000)
  to   space 75776K, 0% used [0x00000000fb600000,0x00000000fb600000,0x0000000100000000)
 ParOldGen       total 249344K, used 159645K [0x00000000a0000000, 0x00000000af380000, 0x00000000e0000000)
  object space 249344K, 64% used [0x00000000a0000000,0x00000000a9be74f8,0x00000000af380000)
 Metaspace       used 95110K, capacity 98977K, committed 99584K, reserved 1136640K
  class space    used 11959K, capacity 12673K, committed 12800K, reserved 1048576K
GC Heap History (10 events):
Event: 2110,935 GC heap after
Heap after GC invocations=44 (full 5):
 PSYoungGen      total 465408K, used 11705K [0x00000000e0000000, 0x00000000ffc00000, 0x0000000100000000)
  eden space 411648K, 0% used [0x00000000e0000000,0x00000000e0000000,0x00000000f9200000)
  from space 53760K, 21% used [0x00000000f9200000,0x00000000f9d6e580,0x00000000fc680000)
  to   space 50688K, 0% used [0x00000000fca80000,0x00000000fca80000,0x00000000ffc00000)
 ParOldGen       total 249344K, used 81837K [0x00000000a0000000, 0x00000000af380000, 0x00000000e0000000)
  object space 249344K, 32% used [0x00000000a0000000,0x00000000a4feb458,0x00000000af380000)
 Metaspace       used 94830K, capacity 98779K, committed 99072K, reserved 1136640K
  class space    used 11997K, capacity 12746K, committed 12800K, reserved 1048576K
}
Event: 2112,373 GC heap before
{Heap before GC invocations=45 (full 5):
 PSYoungGen      total 465408K, used 423353K [0x00000000e0000000, 0x00000000ffc00000, 0x0000000100000000)
  eden space 411648K, 100% used [0x00000000e0000000,0x00000000f9200000,0x00000000f9200000)
  from space 53760K, 21% used [0x00000000f9200000,0x00000000f9d6e580,0x00000000fc680000)
  to   space 50688K, 0% used [0x00000000fca80000,0x00000000fca80000,0x00000000ffc00000)
 ParOldGen       total 249344K, used 81837K [0x00000000a0000000, 0x00000000af380000, 0x00000000e0000000)
  object space 249344K, 32% used [0x00000000a0000000,0x00000000a4feb458,0x00000000af380000)
 Metaspace       used 94992K, capacity 98995K, committed 99328K, reserved 1136640K
  class space    used 12000K, capacity 12750K, committed 12800K, reserved 1048576K
Event: 2112,393 GC heap after
Heap after GC invocations=45 (full 5):
 PSYoungGen      total 469504K, used 2265K [0x00000000e0000000, 0x00000000ffb00000, 0x0000000100000000)
  eden space 419840K, 0% used [0x00000000e0000000,0x00000000e0000000,0x00000000f9a00000)
  from space 49664K, 4% used [0x00000000fca80000,0x00000000fccb6400,0x00000000ffb00000)
  to   space 49664K, 0% used [0x00000000f9a00000,0x00000000f9a00000,0x00000000fca80000)
 ParOldGen       total 249344K, used 87203K [0x00000000a0000000, 0x00000000af380000, 0x00000000e0000000)
  object space 249344K, 34% used [0x00000000a0000000,0x00000000a5528f08,0x00000000af380000)
 Metaspace       used 94992K, capacity 98995K, committed 99328K, reserved 1136640K
  class space    used 12000K, capacity 12750K, committed 12800K, reserved 1048576K
}
Event: 2116,335 GC heap before
{Heap before GC invocations=46 (full 5):
 PSYoungGen      total 469504K, used 422105K [0x00000000e0000000, 0x00000000ffb00000, 0x0000000100000000)
  eden space 419840K, 100% used [0x00000000e0000000,0x00000000f9a00000,0x00000000f9a00000)
  from space 49664K, 4% used [0x00000000fca80000,0x00000000fccb6400,0x00000000ffb00000)
  to   space 49664K, 0% used [0x00000000f9a00000,0x00000000f9a00000,0x00000000fca80000)
 ParOldGen       total 249344K, used 87203K [0x00000000a0000000, 0x00000000af380000, 0x00000000e0000000)
  object space 249344K, 34% used [0x00000000a0000000,0x00000000a5528f08,0x00000000af380000)
 Metaspace       used 95255K, capacity 99291K, committed 99584K, reserved 1136640K
  class space    used 12001K, capacity 12750K, committed 12800K, reserved 1048576K
Event: 2116,448 GC heap after
Heap after GC invocations=46 (full 5):
 PSYoungGen      total 469504K, used 8877K [0x00000000e0000000, 0x00000000ffb00000, 0x0000000100000000)
  eden space 419840K, 0% used [0x00000000e0000000,0x00000000e0000000,0x00000000f9a00000)
  from space 49664K, 17% used [0x00000000f9a00000,0x00000000fa2ab410,0x00000000fca80000)
  to   space 47104K, 0% used [0x00000000fcd00000,0x00000000fcd00000,0x00000000ffb00000)
 ParOldGen       total 249344K, used 87219K [0x00000000a0000000, 0x00000000af380000, 0x00000000e0000000)
  object space 249344K, 34% used [0x00000000a0000000,0x00000000a552cf08,0x00000000af380000)
 Metaspace       used 95255K, capacity 99291K, committed 99584K, reserved 1136640K
  class space    used 12001K, capacity 12750K, committed 12800K, reserved 1048576K
}
Event: 2118,245 GC heap before
{Heap before GC invocations=47 (full 5):
 PSYoungGen      total 469504K, used 428329K [0x00000000e0000000, 0x00000000ffb00000, 0x0000000100000000)
  eden space 419840K, 99% used [0x00000000e0000000,0x00000000f999f308,0x00000000f9a00000)
  from space 49664K, 17% used [0x00000000f9a00000,0x00000000fa2ab410,0x00000000fca80000)
  to   space 47104K, 0% used [0x00000000fcd00000,0x00000000fcd00000,0x00000000ffb00000)
 ParOldGen       total 249344K, used 87219K [0x00000000a0000000, 0x00000000af380000, 0x00000000e0000000)
  object space 249344K, 34% used [0x00000000a0000000,0x00000000a552cf08,0x00000000af380000)
 Metaspace       used 95335K, capacity 99363K, committed 99584K, reserved 1136640K
  class space    used 12001K, capacity 12750K, committed 12800K, reserved 1048576K
Event: 2118,370 GC heap after
Heap after GC invocations=47 (full 5):
 PSYoungGen      total 419840K, used 47085K [0x00000000e0000000, 0x0000000100000000, 0x0000000100000000)
  eden space 372736K, 0% used [0x00000000e0000000,0x00000000e0000000,0x00000000f6c00000)
  from space 47104K, 99% used [0x00000000fcd00000,0x00000000ffafb780,0x00000000ffb00000)
  to   space 75776K, 0% used [0x00000000f6c00000,0x00000000f6c00000,0x00000000fb600000)
 ParOldGen       total 249344K, used 140404K [0x00000000a0000000, 0x00000000af380000, 0x00000000e0000000)
  object space 249344K, 56% used [0x00000000a0000000,0x00000000a891d028,0x00000000af380000)
 Metaspace       used 95335K, capacity 99363K, committed 99584K, reserved 1136640K
  class space    used 12001K, capacity 12750K, committed 12800K, reserved 1048576K
}
Event: 2140,891 GC heap before
{Heap before GC invocations=48 (full 5):
 PSYoungGen      total 419840K, used 419821K [0x00000000e0000000, 0x0000000100000000, 0x0000000100000000)
  eden space 372736K, 100% used [0x00000000e0000000,0x00000000f6c00000,0x00000000f6c00000)
  from space 47104K, 99% used [0x00000000fcd00000,0x00000000ffafb780,0x00000000ffb00000)
  to   space 75776K, 0% used [0x00000000f6c00000,0x00000000f6c00000,0x00000000fb600000)
 ParOldGen       total 249344K, used 140404K [0x00000000a0000000, 0x00000000af380000, 0x00000000e0000000)
  object space 249344K, 56% used [0x00000000a0000000,0x00000000a891d028,0x00000000af380000)
 Metaspace       used 95379K, capacity 99435K, committed 99584K, reserved 1136640K
  class space    used 12001K, capacity 12750K, committed 12800K, reserved 1048576K
Event: 2141,170 GC heap after
Heap after GC invocations=48 (full 5):
 PSYoungGen      total 448512K, used 75753K [0x00000000e0000000, 0x0000000100000000, 0x0000000100000000)
  eden space 372736K, 0% used [0x00000000e0000000,0x00000000e0000000,0x00000000f6c00000)
  from space 75776K, 99% used [0x00000000f6c00000,0x00000000fb5fa548,0x00000000fb600000)
  to   space 75776K, 0% used [0x00000000fb600000,0x00000000fb600000,0x0000000100000000)
 ParOldGen       total 249344K, used 195685K [0x00000000a0000000, 0x00000000af380000, 0x00000000e0000000)
  object space 249344K, 78% used [0x00000000a0000000,0x00000000abf195e0,0x00000000af380000)
 Metaspace       used 95379K, capacity 99435K, committed 99584K, reserved 1136640K
  class space    used 12001K, capacity 12750K, committed 12800K, reserved 1048576K
}
Event: 2141,420 GC heap before
{Heap before GC invocations=49 (full 6):
 PSYoungGen      total 448512K, used 75753K [0x00000000e0000000, 0x0000000100000000, 0x0000000100000000)
  eden space 372736K, 0% used [0x00000000e0000000,0x00000000e0000000,0x00000000f6c00000)
  from space 75776K, 99% used [0x00000000f6c00000,0x00000000fb5fa548,0x00000000fb600000)
  to   space 75776K, 0% used [0x00000000fb600000,0x00000000fb600000,0x0000000100000000)
 ParOldGen       total 249344K, used 195685K [0x00000000a0000000, 0x00000000af380000, 0x00000000e0000000)
  object space 249344K, 78% used [0x00000000a0000000,0x00000000abf195e0,0x00000000af380000)
 Metaspace       used 95379K, capacity 99435K, committed 99584K, reserved 1136640K
  class space    used 12001K, capacity 12750K, committed 12800K, reserved 1048576K

